<?xml version="1.0" encoding="UTF-8"?>
<!-- Generated by org.testng.reporters.JUnitReportReporter -->
<testsuite hostname="Admin-PC" failures="0" tests="1" name="Maven_Test.MavenDemoTest" time="0.003" errors="0" timestamp="2022-11-17T17:16:39 IST" skipped="0">
  <testcase classname="Maven_Test.MavenDemoTest" name="Demo" time="0.003"/>
  <system-out/>
</testsuite> <!-- Maven_Test.MavenDemoTest -->
